DATA SET 1:
ROOT
|     dGC
|     |     dKgc63n5ll4lA
|     |     fWkcMz
|     |     fdme8
|     |     d7gxLjkrhb.
|     |     |     dT8Dy7jdZrd
|     |     |     fJ0kMEsyxu_FI
|     |     |     fkQRiBRorT
|     |     |     fuDD1Wh5JmoRDP
|     |     |     dEDEBRKy
|     |     |     |     dbPZ6pka8
|     |     |     |     |     d_J
|     |     |     |     |     |     d8rTASE_yAJfuCOg
|     |     |     |     |     |     |     d7U2GCdGPW6R
|     |     |     |     |     |     |     |     d0u4glMN
|     |     |     |     |     |     |     |     |     dYLegtnL
|     |     |     |     |     |     |     |     |     fN_d7wy1MDZWHHA
|     |     |     |     |     |     |     |     |     fle
|     |     |     |     |     |     |     |     |     fwJWfj1y_02
|     |     |     |     |     |     |     |     |     fxHmWaNwJC14b39
|     |     |     |     |     |     |     |     fPkj
|     |     |     |     |     |     |     |     fe4X
|     |     |     |     |     |     |     |     fivfamR4yPZ2Xl
|     |     |     |     |     |     |     |     fpgBlRTDeApdao
|     |     |     |     |     |     |     f0nZZ9WCd
|     |     |     |     |     |     |     f3m74vZYf
|     |     |     |     |     |     |     fBjl0_4Jq69V9
|     |     |     |     |     |     |     fCGQQMJtdVqSGudS
|     |     |     |     |     |     |     fDG4vzCes4_Fbam8
|     |     |     |     |     |     |     fEcZeICNmIsjP
|     |     |     |     |     |     |     fN7XU08KO3W8lBA
|     |     |     |     |     |     |     fNEF
|     |     |     |     |     |     |     fOFZj
|     |     |     |     |     |     |     fOLsf3wP
|     |     |     |     |     |     |     fPLuyEs8UVx
|     |     |     |     |     |     |     fUky6Im01Yu
|     |     |     |     |     |     |     fgM
|     |     |     |     |     |     |     fhaoCVk
|     |     |     |     |     |     |     fnYa1RahTNZzCYt4
|     |     |     |     |     |     |     fowfy79HHJ
|     |     |     |     |     |     |     frcsQPSMnr
|     |     |     |     |     |     |     fvS
|     |     |     |     |     |     |     fxSa
|     |     |     |     |     |     |     fy1kM3PBDFu0L
|     |     |     |     |     |     |     fzpQyNT61WZ
|     |     |     |     |     |     f4j6Hs60EC
|     |     |     |     |     |     f9Z
|     |     |     |     |     |     fMV6TSmAy
|     |     |     |     |     |     fmEJ0r3sCF5.
|     |     |     |     |     |     fr7co8XVSRPhmW
|     |     |     |     |     fJ4ZWsgpksy
|     |     |     |     |     fKn0fARF2fB0rQY
|     |     |     |     |     fUc.5G
|     |     |     |     |     fX49JLLtQOB5
|     |     |     |     |     ffnM8mU3eLrWdj
|     |     |     |     |     fhJwWUSGyXNiBI
|     |     |     |     |     fhXxjVUgFjT19r1
|     |     |     |     f09iyhhnq872u
|     |     |     |     fFazRRkdwcREWNp
|     |     |     |     fS97xe6aoMip4pq
|     |     |     |     fVmCHq8F
|     |     |     |     fYmlkxMOTzeTQ_pQ
|     |     |     f0fAWAcNGb6ntavT
|     |     |     f146Q_lHe
|     |     |     f3htR70M8fFsW3
|     |     |     f3o
|     |     |     f6SW
|     |     |     f6VaIshctFdj0g
|     |     |     f7T7OXb_tXOWfwf
|     |     |     f8080nfLV3Rn
|     |     |     fAFbvmQXKZu1
|     |     |     fAms.RhEsr6B
|     |     |     fGVooL6oUARI9
|     |     |     fLrz2Rp
|     |     |     fMRSzUrIqYkrsc
|     |     |     fNA5ewfFzn
|     |     |     fNEmz
|     |     |     fSwe6Mdzf
|     |     |     fT9BeF9WIl3Yu.f
|     |     |     fT_mc.zlh
|     |     |     fTnLLxM8ttSN
|     |     |     fUTsyqzOd4hLEOIp
|     |     |     fYmtLA
|     |     |     fYrXED1Ai
|     |     |     fZ4sFCGY
|     |     |     fZYl6
|     |     |     fZg0zyo4wyfewc7
|     |     |     fahyublpVCAhe9K
|     |     |     feLaZ
|     |     |     fehRc
|     |     |     ffPQ_L6Oq5h
|     |     |     fk_q
|     |     |     flI9m3dlBf5zyzKx
|     |     |     fmHKZBIYZ0CsUsEZ
|     |     |     fpvhBlmDjR3jOg
|     |     |     fqBu.1KXD
|     |     |     fqlU
|     |     |     fqu9s
|     |     |     frum5tkQvNDqe
|     |     |     fsvK
|     |     |     ft.TcvztuSBiC
|     |     |     fxI_ot7J1LvJL753
|     |     |     fxs8gDTf
|     |     |     fxvqu7JdTjJzL
|     |     fMPc
|     |     fQe2B
|     |     fkXcmkLEbtHPlj
|     |     fzA
|     fQwQXup5h
f0Kj2P
fd2f3J

DATA SET 2:
ROOT
|     d.aXJrn9wU
|     |     dZVDPGXp658G
|     |     |     dRBk.Ht9
|     |     |     |     dHH5Xoaf
|     |     |     |     |     dA5YeDFJr3dj4qhV
|     |     |     |     |     |     dCLpZUoaMLJFJg
|     |     |     |     |     f2gvaeEHjBjWQjig
|     |     |     |     |     d9Cm
|     |     |     |     |     |     dzcP
|     |     |     |     |     |     |     dDmbyD
|     |     |     |     |     |     |     |     dDzjV
|     |     |     |     |     |     |     |     |     dS3QMz3
|     |     |     |     |     |     |     |     |     f.4.mUqIZD
|     |     |     |     |     |     |     |     |     fAwSFJo4VyN
|     |     |     |     |     |     |     |     |     fGAm_C3
|     |     |     |     |     |     |     |     |     fJLL5IDQQLizJ
|     |     |     |     |     |     |     |     |     fM1h9H0q5D
|     |     |     |     |     |     |     |     |     fWOc6h7CDsr91v7E
|     |     |     |     |     |     |     |     |     fXxnEQ_Ac02uwAv
|     |     |     |     |     |     |     |     |     fauTJ
|     |     |     |     |     |     |     |     |     fcCL
|     |     |     |     |     |     |     |     |     fkwvI65t8zkZkB
|     |     |     |     |     |     |     |     |     fl8uXaCa
|     |     |     |     |     |     |     |     |     fo.3Nl
|     |     |     |     |     |     |     |     |     fqZ6
|     |     |     |     |     |     |     |     |     frM1AJF
|     |     |     |     |     |     |     |     f0_Gu_XXxjdE
|     |     |     |     |     |     |     |     f1zwL_Hy7uoTBQXf
|     |     |     |     |     |     |     |     f2e_Um2KbQ
|     |     |     |     |     |     |     |     f382
|     |     |     |     |     |     |     |     f58jIKaxkGBqzS
|     |     |     |     |     |     |     |     f7XMms
|     |     |     |     |     |     |     |     f7Y.W8LF3wk3
|     |     |     |     |     |     |     |     fErXZT0FOZINn
|     |     |     |     |     |     |     |     fH2QY
|     |     |     |     |     |     |     |     fHnFVx
|     |     |     |     |     |     |     |     fL4Mb8v_y1
|     |     |     |     |     |     |     |     fMqaxqym6
|     |     |     |     |     |     |     |     fU7lRZMH0L1v6Q
|     |     |     |     |     |     |     |     fVQSK
|     |     |     |     |     |     |     |     fWEhJlo
|     |     |     |     |     |     |     |     fWo
|     |     |     |     |     |     |     |     fYtr6.
|     |     |     |     |     |     |     |     fZNpEcr1lnBgD
|     |     |     |     |     |     |     |     fc84X8QXmu
|     |     |     |     |     |     |     |     fdMcpIUoVDce1
|     |     |     |     |     |     |     |     fdl5R_BwLk9uhS
|     |     |     |     |     |     |     |     fdtyw3Cl
|     |     |     |     |     |     |     |     fg6hcxDNaFGEybC
|     |     |     |     |     |     |     |     fnNvegai7csCMf1X
|     |     |     |     |     |     |     |     fnd1hWBJMQ
|     |     |     |     |     |     |     |     fo2g1O
|     |     |     |     |     |     |     |     foOVXYUP
|     |     |     |     |     |     |     |     frjk1M29_BdUuYr
|     |     |     |     |     |     |     |     fwkKUFfP
|     |     |     |     |     |     |     f6.A.
|     |     |     |     |     |     |     f7rF5F
|     |     |     |     |     |     |     f8VPb
|     |     |     |     |     |     |     fFnjkNInJ_4nOR
|     |     |     |     |     |     |     fH6vA86D1WOep
|     |     |     |     |     |     |     fNdQy
|     |     |     |     |     |     |     fNeqE
|     |     |     |     |     |     |     fNvZSyGzL
|     |     |     |     |     |     |     fQNc7c3W_w9M
|     |     |     |     |     |     |     fTDAJCdj.NnZjhTv
|     |     |     |     |     |     |     fUW7SN
|     |     |     |     |     |     |     fX2cMUy
|     |     |     |     |     |     |     faA5hcFO
|     |     |     |     |     |     |     fbh
|     |     |     |     |     |     |     fp8fJ4i8q.kB
|     |     |     |     |     |     |     fsAQE46AYdM
|     |     |     |     |     |     |     fvEpOTYXRgWF30C
|     |     |     |     |     |     |     fwDdM
|     |     |     |     |     |     fguBh
|     |     |     |     fEBjj49VcbeNu
|     |     |     |     fds
|     |     |     |     ffWlQkyA
|     |     |     |     figvduM4ZyfrM
|     |     |     |     fkad0DZC
|     |     |     |     fp0rnS7
|     |     |     |     fsuOX_
|     |     |     |     ftWycS3.WUnktR04
|     |     |     |     fy9cJ
|     |     |     |     fyhG4KYg3uYB0W5s
|     |     |     f6nnMYTjdnN2a
|     |     |     fG26MkwGe6iN
|     |     |     fTTy_TGexCpj3
|     |     |     fXEF5rZ
|     |     |     fvi6n
|     |     |     fwUTF
|     |     |     fzF_Z
|     |     f0v
|     |     f7MKx9Sugd_i1
|     |     f8crnFrB
|     |     fE47XQVd7FyZu
|     |     fTcg.OzobAC0
|     |     fbS
|     |     fc3mrMwQmK7312
|     |     fhHx5leR
|     |     fmRaWn9.rgsVsmeK
|     |     fri
|     f.UQNWlN2
|     f5HFaJnqUq6_
|     fAPboi2DGcY
|     fhJ3Wvm4n5c
|     fhMJftHwEUWCzC
|     fp7t4Kq4d2B
|     fpZ3QEqW
|     fqwcc
|     fuje61IzN
|     fxvC9qb0xI0nKvpW

DATA SET 3:
ROOT

DATA SET 4:
ROOT
|     d2y2w4B
|     fmV
|     fz2NzkL5
|     djt
|     dafVwxEb8Jr9
|     |     dwrXnRMZbta_wXUs
|     |     |     dTHu7fB
|     |     |     |     dXDft97L7AMmR8
|     |     |     |     |     dwCtoy86lm
|     |     |     |     |     d1Tc8
|     |     |     |     |     |     dufl
|     |     |     |     |     |     |     d1A2k2MG
|     |     |     |     |     |     |     fxEVYE7orkeo
|     |     |     |     |     |     fHt_swVjTxkitgh
|     |     |     |     |     |     fpd1xfyD8xg7F
|     |     |     |     |     |     fxjGQe0S
|     |     |     |     |     |     d3GogAy
|     |     |     |     |     |     f.GMmhg9.Py
|     |     |     |     |     |     f0xn
|     |     |     |     |     |     fDV808yL1MO_nn1
|     |     |     |     |     f189Rke0sUOVN_
|     |     |     |     |     f32gZozblik
|     |     |     |     |     f8XI15DGW730
|     |     |     |     |     fAZ4qelI
|     |     |     |     |     fFjybS5MM3SIP73w
|     |     |     |     |     fH6I9
|     |     |     |     |     fLDe0
|     |     |     |     |     fX7Z3pco
|     |     |     |     |     fX9zZ7LBQ6s
|     |     |     |     |     fXd
|     |     |     |     |     fd3o4Kl
|     |     |     |     |     fk1QCzJAvv2jC
|     |     |     |     |     fmYchceAAe4Lp
|     |     |     |     |     frXDdk
|     |     |     |     |     fuV0vgTfMvSCEKc
|     |     |     |     |     fx_4jpDnn_de
|     |     |     |     f0N3Y9
|     |     |     |     fRWcR1RGWAnNq.o
|     |     |     |     faB3jBfLL
|     |     |     |     fiZqFzLbf.
|     |     |     |     fnEsgxgjhFtX.
|     |     |     |     fxlC8OQarBF
|     |     |     f0Z64m7
|     |     |     f2tsq57uR6un
|     |     |     f73TsjMlIRe7
|     |     |     f9CGM
|     |     |     f9DyK2uwsBC
|     |     |     f9PGS_rJFj
|     |     |     fD37q__oQsbaw0
|     |     |     fDq5M1rWS
|     |     |     fG33wdvDodo_V
|     |     |     fGjhQLBtPT
|     |     |     fH3QV5hNY2C
|     |     |     fI4QNZCd
|     |     |     fJd
|     |     |     fK9raBO169eSVI
|     |     |     fSoa
|     |     |     fSt6XADkA
|     |     |     fW7F3O
|     |     |     faTG4nW
|     |     |     fdUzMfR60Sth3Dt9
|     |     |     fgGGz
|     |     |     fj1aWG
|     |     |     fkp6JK
|     |     |     fsiaJ7a.LsE89P
|     |     |     ftmm.Qx3
|     |     |     fy5Fl
|     |     |     fyWlI2G5YBOB873X
|     |     |     fzt_AfRNeN7
|     |     f08g34K
|     |     f2dWhjM2U
|     |     fINPuIhrMlx7SV
|     |     fJS7o
|     |     fJt8MJ8cae
|     |     fL9AeKTzB
|     |     fRD8iP5W9HJ0tZvt
|     |     fWCX
|     |     f_pH0TEqQ7TtkEP
|     |     faus7dlFs
|     |     fbcF
|     |     ffqlCgrtbu4a0sR
|     |     fhw3KY5
|     |     flOX9YhZ3JZb74sZ
|     |     fzu
|     f1.mKTo8MB3
|     f1g
|     f2L1ZGo4
|     f2hFoSPvpFG
|     f3Nr
|     f54_lA
|     fCu
|     fFRhfLFiah3iu.Y
|     fOJ83
|     fRdK4Xq01ubTm
|     f_AShe7LtotvUo7
|     fdEz
|     fdlT61xocJ2iNQ
|     fhIvawv
|     fkaSJ.h7Pb6DI
|     fku1TxBj
|     fsV
|     fsn.pjo4
f0F8HY
f2vuSH8e28dBM
f9uqkbpgb7cUk
fBPYcTDM
fLxAZVs.9
fNXD
fQ9gVIon4Qz
fdR
fr4AnzVp.pQNYm4

DATA SET 5:
ROOT
|     d0ICd
|     |     dXgADvwQfLbru
|     |     f4bUp8CGT4
|     |     dyZ9iEkKLsOPjY8
|     |     |     d7slAjvvfhtNVTE
|     |     f2czSswt
|     |     f2qsXtAvAAmsw
|     |     f3alFVsIwO3y1HVk
|     |     f4ChHp7EP0W
|     |     f5oqzkEMNY
|     |     fIBi9dTT5DbN
|     |     fTQVqI
|     |     fXA_8D.a6EKsrA
|     |     fe_CY9zlW3V
|     |     dyzWDW
|     |     |     duD2wo03LO3SiFb
|     |     |     |     dsG
|     |     |     |     |     dWkmGF
|     |     |     |     |     |     dsL.i_bJr
|     |     |     |     |     |     |     dmf
|     |     |     |     |     |     |     |     dIxAT0T6kg
|     |     |     |     |     |     |     f99wA5jD41Jm56
|     |     |     |     |     |     |     fX0ke8Z3i9
|     |     |     |     |     |     |     fi1Ws
|     |     |     |     |     |     |     fwY
|     |     |     |     |     |     |     fxTMdX.Xb8.
|     |     |     |     |     |     |     fyqJ1DE5DHC5x
|     |     |     |     |     |     f8QmL.93dbG5_
|     |     |     |     |     |     f8WOLDYV
|     |     |     |     |     |     fOEqnQO5QvE_Q
|     |     |     |     |     |     fQiDxcMESHapoe
|     |     |     |     |     |     ffDQG1c
|     |     |     |     |     |     fkOv8YWYr
|     |     |     |     |     |     fkuX
|     |     |     |     |     |     fycHcbV5G_wAaF
|     |     |     |     |     f10Ta3ZtPXV.4
|     |     |     |     |     f3vJAX49LBjNa3z5
|     |     |     |     |     f6K4FRS
|     |     |     |     |     f8YO
|     |     |     |     |     fA0nhDPt3I
|     |     |     |     |     fFt.
|     |     |     |     |     fGvxx
|     |     |     |     |     fJYM
|     |     |     |     |     fKF_Y30Up3ibw1a7
|     |     |     |     |     fNtHafNB53rThZ
|     |     |     |     |     fOX
|     |     |     |     |     fSu6Jd3FkQyN3N4m
|     |     |     |     |     fUY
|     |     |     |     |     fWeV_81
|     |     |     |     |     fXoe7w60dZMl8qm
|     |     |     |     |     f_r
|     |     |     |     |     faEi
|     |     |     |     |     fcAn
|     |     |     |     |     fllguH4.WZoOJsH
|     |     |     |     |     fln9nmfO2Yy
|     |     |     |     |     fqkQ
|     |     |     |     |     fuu_8n9P
|     |     |     |     |     fwcX6WQFXJv
|     |     |     |     |     fxQY
|     |     |     |     |     fxdH2mXFirZG
|     |     |     |     fEd
|     |     |     |     fNbT22aZB
|     |     |     |     fSjeH0
|     |     |     |     fZv5apYsc.X_6c
|     |     |     |     fdgUvcGV5JIFH
|     |     |     |     fmrZck9Cd1Nc1
|     |     |     f3CQ0u.6y
|     |     |     f8M6
|     |     |     f8USDYy4Z4N
|     |     |     fBGpMdK
|     |     |     fDB8T
|     |     |     fGx_2kV2vpm
|     |     |     fIw.
|     |     |     fJsK9Mw3svX
|     |     |     fK39b2w.l
|     |     |     fS8
|     |     |     fYK2devqO5sIDY
|     |     |     flCDGA37
|     |     |     fp3u78TQ6E_1zLt
|     |     |     ftGYuoY
|     |     f2Paq5yE3eY5Vn
|     |     fQRFgn3ze1U4G
|     |     fRYt
|     |     fUH
|     |     fXAaRVQXFYakIB50
|     |     fftZpSw4l5y9E
|     |     flP8jwjzKg
|     fApqS7LWFyiV97o
|     fEoSC5qm4zh_0uO
|     fcateCzXwXKjx
|     fdPQymK
|     fjw3dMiXmKnNob
|     fmPIdnEBa0smht
f.TNgq2CAr
f4Rl
f5tKQCyaBsPSD
f6i5G
f96rzp
fP3
fRkED
fSg32R_gxCeG
fUOwY
fWq
fYp6
fZxpdw
fcXd
fu5jwxrINWj68NS
fuXEEjjE

