DATA SET 1:
ROOT
|     drtTFD
|     fYjhLWdxmyTjG
|     fbpa
|     frHfD
f2b.p3g.K
fAvEnfz
fWUgxxc6ibJg
fX5f
fbi7Jh0uYT
ff3ZRwh7e.
fgwvd.V
fheer

DATA SET 2:
ROOT
|     dnxya
|     |     dKI
|     |     |     dhKLvG.17G
|     |     |     fjPIogoZbK.v
|     f3n4d6wsLNgHHQax
|     fFTslO53iLLWcZ9
|     fJJpcp2
|     fOOO7ESm0zkzzAf
|     fOwgjhMMoIo5q0oW
|     fRPUwW9jrZ
|     fn.Lo
|     frWeI
f07BJM2_.
f3wRWw
f8D
f8dnq91sdohr4LlY
f9VgcbU3k1CdqI
fBBOgFF7YKdMm3
fIVoXf5H68
fJkGws5ltzh
fPNB
fPtD8o
fRh78IEf.oEX
fVM85a0wazV
fdvn6NyM
frvb0kqxm
ftBEOY80X
fw9tnPYhFGSPU0

DATA SET 3:
ROOT

DATA SET 4:
ROOT
f2Idp_XOG2JYSWY
fKkMvJpGiTrc5ahM
fM8l.9a7XElML3D
fNNZw28q3_xPa
fUZQZcscc5jGRbnC
fXUvyrh

