DATA SET 1:
ROOT
|     dcVxS2XTY8
|     |     dFBG1
|     |     f64N
|     |     f9pShPJcmU7
|     |     fF_HhWAsqFFFX
|     |     fMnNxljG9pbH
|     |     fq6VCI4Z5xctM
|     |     dAM
|     |     |     dvhO3CS
|     |     f2dC
|     |     fPMdGE
|     |     fQLsUw0jlrW1QLS
|     |     fVAwWxFep0yzd
|     |     fdp7jg
|     |     fn.M1p
|     |     fueHF63Gm3J
|     |     dPM7v6kzmSYq
|     |     d2lvd7KN4
|     |     |     dVgl6UFY10L5wa9M
|     |     |     |     dRlCN58N
|     |     |     |     |     dGMmxL.10tX
|     |     |     |     fwehtmtkfv8q0P8U
|     |     |     f3ZHig
|     |     |     fIo0_OZfllS4
|     |     |     fQatv2X35sSR
|     |     |     fQmQjKmPDMxsz
|     |     |     fZO0qYJYpFISedG
|     |     |     faR
|     |     |     fip.P72XkzP1Bn
|     |     |     fx_JxmXL5K0P
|     |     |     dbwlPFeCs
|     |     |     |     dVUTZm
|     |     |     f07F_c7x5
|     |     |     f5wM
|     |     |     f7XyshUO
|     |     |     fEVhOfUur.9NK
|     |     |     fHQh411qDvVY
|     |     |     fI4iPEpq
|     |     |     fM5KRNnKyxX5Sd
|     |     |     fMDW1QjNflNydRIi
|     |     |     fNUPrHmn0S8s7F
|     |     |     fQEvUO2fE4
|     |     |     fRphp8
|     |     |     fSRP.aPzQ
|     |     |     fZFjbi
|     |     |     fZZszlR7D
|     |     |     fZuId0_qZNHj
|     |     |     fbq7I97o
|     |     |     fhYBz1
|     |     |     fjvEA2er
|     |     |     fkCivMgKJ
|     |     |     fnIWm
|     |     |     ftpqpPHSN6zGPa
|     |     |     fxe5PayYDH_W
|     |     f.s9NWiM7WRYEd
|     |     f1Yi8QoV3B
|     |     f1r.6lS
|     |     f6nJ64
|     |     fV0jud5ArEFqXQZN
|     |     fXmoYlgHUbjx
|     |     fZDf
|     |     fhPZ7ZCWIA7
|     |     fr.kahs7j
|     |     fs7nW
|     |     fzW
|     f14Rbd8
|     f1bX2yHWCXHRZW
|     fCMESon8wDR
|     fGrhw
|     fK5LViX65dNBS
|     fLbKm
|     fPLWWt1H
|     fS3rb3
|     fVk1Cr6pm7LzCk
|     fgoQr97gK9V7x
|     fs9ttID9P6hxPlA.
f4g1fxQ0
fFXH
fYI
ffHG.qfKonsGdP
fmwgULb.jNa.Uldw
fo2TWCn2keMMf
frLIE5SLnd7

DATA SET 2:
ROOT
|     d.e
|     |     dq3KB10e2dTOwWpV
|     |     |     d83DSEwfIT
|     |     |     f580p7i
|     |     |     fV5cj3UxmCDO
|     |     |     dbOw90zohEQdEVxv
|     |     |     |     dKlDHEwYAZhU7
|     |     |     |     |     dMvCaeuiIJ
|     |     |     |     |     |     dry59hpqfn82zd
|     |     |     |     |     |     |     dC9vnmHPWUaqxytb
|     |     |     |     |     |     |     |     d6tyIAUO2Ug1b2
|     |     |     |     |     |     |     |     |     did6wG.RN
|     |     |     |     |     |     |     |     |     dIk87ubP3
|     |     |     |     |     |     |     |     |     f8A4IS.4dj8MsDH
|     |     |     |     |     |     |     |     |     f8BmqKD
|     |     |     |     |     |     |     |     |     fDnWi.J
|     |     |     |     |     |     |     |     |     fTzpmvl8N2N5esb
|     |     |     |     |     |     |     |     |     fU._
|     |     |     |     |     |     |     |     |     fn6
|     |     |     |     |     |     |     |     |     fw1XVjjwumw8oxFj
|     |     |     |     |     |     |     |     |     fweH9rPTjl2
|     |     |     |     |     |     |     |     |     fxjQEYD1
|     |     |     |     |     |     |     |     f0n4zOMziLRpQqV2
|     |     |     |     |     |     |     |     f6ZhAqFlzQ
|     |     |     |     |     |     |     |     fD_
|     |     |     |     |     |     |     |     fLgIOx71dY
|     |     |     |     |     |     |     |     fNhdngYvv
|     |     |     |     |     |     |     |     fP.36r12Bj2
|     |     |     |     |     |     |     |     fVJz1v6Xk1y
|     |     |     |     |     |     |     |     fe2xGERwC
|     |     |     |     |     |     |     |     fiW1jT_UjxB.
|     |     |     |     |     |     |     |     frTwOvY9J
|     |     |     |     |     |     |     f2ONvs.xMksSJJF
|     |     |     |     |     |     |     f6p2q3DUc6rrM
|     |     |     |     |     |     |     f7as1PE7p1kOF
|     |     |     |     |     |     |     f8sArU
|     |     |     |     |     |     |     fBgZqLNlr
|     |     |     |     |     |     |     fC0aL9cABi
|     |     |     |     |     |     |     fD7821e_
|     |     |     |     |     |     |     fEpG713F7azE
|     |     |     |     |     |     |     fFoC4ftGSuJmy
|     |     |     |     |     |     |     fHN77yC0mhYmr
|     |     |     |     |     |     |     fJY1JaWufy37w1b
|     |     |     |     |     |     |     fMjsC3
|     |     |     |     |     |     |     fShOZ16_.h0SnO3z
|     |     |     |     |     |     |     fX7svNGtLxC
|     |     |     |     |     |     |     f_W
|     |     |     |     |     |     |     famU
|     |     |     |     |     |     |     fbGicBMaGaIcnD
|     |     |     |     |     |     |     fcGILKXf6
|     |     |     |     |     |     |     fcXD5nQELxnZO
|     |     |     |     |     |     |     fdxXK
|     |     |     |     |     |     |     flC
|     |     |     |     |     |     |     fncAbtg
|     |     |     |     |     |     |     foI2U
|     |     |     |     |     |     |     fpxNBocuse
|     |     |     |     |     |     |     fr2OD.3Zrkcmxf
|     |     |     |     |     |     |     fvKDVIEvt50A
|     |     |     |     |     |     |     fvZgMt
|     |     |     |     |     |     fFwg
|     |     |     |     |     |     f_OvVJq4x
|     |     |     |     |     |     fbTL
|     |     |     |     |     |     fgyZQXm44ytQ9
|     |     |     |     |     |     fhGN3Chnj
|     |     |     |     |     |     fmwppa3z4
|     |     |     |     |     |     fvUlfsy
|     |     |     |     |     fAPnpUMkX_y2HV
|     |     |     |     |     fL8GM_KFKrC
|     |     |     |     |     fVzr
|     |     |     |     |     fYB8
|     |     |     |     |     fqxTTxKIqkunR
|     |     |     |     |     fsyNZXRKu2UJqjAi
|     |     |     |     f.59KXjkD
|     |     |     |     f.YRu0APTo_6
|     |     |     |     f5DBuVR6
|     |     |     |     fH3MSV79
|     |     |     |     fK3e9GoJnAb
|     |     |     |     fK6N_IPOGhdfNg
|     |     |     |     fKkxxaHCOFW
|     |     |     |     fNrROMODrXKcer
|     |     |     |     fYH6kV1
|     |     |     |     f_8vpUuyz.WMj0t4
|     |     |     |     f_H3fB
|     |     |     |     fbaMz2
|     |     |     |     fg1e0FOTFPLl
|     |     |     |     flwftuL
|     |     |     f1p
|     |     |     f3N216QJEP
|     |     |     f7d7X
|     |     |     fD0IzkAPcj0d3md
|     |     |     fIX7GA5URsf
|     |     |     fcLhAHN0f
|     |     |     fdyODS1yFu
|     |     |     fg9BAbfGhD
|     |     |     fhx
|     |     |     fr.B6i8jh7
|     |     |     fyn.IPnk
|     |     fAqFQEGmZ4P
|     |     fGJbk1s1abUQ35Dx
|     |     fGcRXsouTqirypR
|     |     fNKWCTd
|     |     fUPt
|     |     fji.gA6aOJzrBn
|     |     flgCQEw4
|     |     foOof
|     |     fseoSYz
|     |     fv4Tu
|     |     fvxakWy3t
|     |     fxjx_Twg2yhgOS
|     fFrrE3
fJ7JuEtxF5wNyEo

DATA SET 3:
ROOT
|     dBP
|     f2REa5VwSvL
|     f6_Ag
|     fBZghclU
|     fH92M
|     fXK03vWYXZ_1
|     fnRE
|     fzapib9c_zCBNJMl
|     dFcGJtPdQh
|     |     d2tyo_
|     |     |     dt.ShZbgjeY4p2c
|     |     |     fX7Ac1_S0Rr
|     |     |     fYGUg
|     |     |     fbixPVQ
|     |     |     fe2jAA4F_m3won0
|     |     |     d65
|     |     |     f.Qoh_.FwPQR
|     |     |     fcl
|     |     f.9ZyU.Ejjs
|     |     f9ZI
|     |     fAdsJLG1B2kh8tx
|     |     dIhdHM_R
|     |     fdw
|     |     fqyzlkADAO_3
|     |     da2BdQEd3
|     f0JOgTTgX9cUE
|     f4beFa8pw_a7o
|     f8LE5H0n
|     fOwrzp7X
|     fUmpjU8LiJiZSuT
|     fV.gtjDWUc
|     fW5O
|     foWwJ9evbgSQQ
|     fsmnA1U
|     dmjgdIuwBQ2gf
|     fzeySqQ
f2oyY0hlAFGrQGX3
f8uM
fTaX2ZDw2
fY4qXEZmfjFWyg5C
faDnl6
fgeSiE5
fjunven77M
fmJsW9BnqFr0Fn3
fpW8Irs7
fwIS_x90BvqjA
fwb
fy1U

DATA SET 4:
ROOT

DATA SET 5:
ROOT
|     dTV4Q
|     fUiheSNOC38FaW
|     dDK8gFne
|     fDmREyM
|     dT7dxwoJ
f6jflWTjts
f9kfmm
fIpfmvqJ92T6
fYuCDAgyxHHaaZlp
ffVyXeW2
foamt
fweNmSaZNrxA

