DATA SET 1:
ROOT
|     drRyr
|     |     dKWwRrMSP
|     |     |     dVL.jR.qGJhd.e
|     |     |     |     dqtjn0yLSD3v
|     |     |     |     ds8BO01kb
|     |     |     |     f1T2fkYI91mo
|     |     |     |     fB1T_1cE9pf75
|     |     |     |     fIiD
|     |     |     |     fYc5bk
|     |     |     |     fzddfzy
|     |     |     |     dcAeCNPiaulHiI
|     |     |     |     f8C1YHG9_6B
|     |     |     |     fj4pr
|     |     |     |     dr6Z24
|     |     |     |     |     d5GZR
|     |     |     |     |     |     dxd5.CqH_7zL
|     |     |     |     |     |     dbF
|     |     |     |     |     |     |     dwXqT_Y1Z
|     |     |     |     |     |     |     f3BQrMrTInqsJa
|     |     |     |     |     |     |     f6OxPzA7pN
|     |     |     |     |     |     |     fBrvaL
|     |     |     |     |     |     |     fCrSGveVNu4H
|     |     |     |     |     |     |     fD7fy0zL
|     |     |     |     |     |     |     fEAzcNLNV
|     |     |     |     |     |     |     fFTVIsEZnXl
|     |     |     |     |     |     |     fHxzkL
|     |     |     |     |     |     |     fL.VdAwsy
|     |     |     |     |     |     |     fL80krrf
|     |     |     |     |     |     |     fM0R4LEvAIp
|     |     |     |     |     |     |     fOXm8Id.2rAY
|     |     |     |     |     |     |     fOtLHHKwq8BLo6CF
|     |     |     |     |     |     |     fQh
|     |     |     |     |     |     |     fSW5jWi4nnr.2q
|     |     |     |     |     |     |     fTWxqwH_.62q57tG
|     |     |     |     |     |     |     fWxZRGy
|     |     |     |     |     |     |     fYV_FB1793l_
|     |     |     |     |     |     |     fjLEgz6DdQT
|     |     |     |     |     |     |     fl8VDpfch
|     |     |     |     |     |     |     fta
|     |     |     |     |     |     |     fzb27h
|     |     |     |     |     |     f5uTCw
|     |     |     |     |     |     f5xYMMRyI7A
|     |     |     |     |     |     fA.zyysN4.GyXxFk
|     |     |     |     |     |     fdGgK8v_a
|     |     |     |     |     |     fnT.U
|     |     |     |     |     |     frcsy
|     |     |     |     |     |     frwIXD2HPg9W00N
|     |     |     |     |     f6nI
|     |     |     |     |     fDRi62
|     |     |     |     |     fI1
|     |     |     |     |     fMp4.AooVl3wuTZ
|     |     |     |     |     fScH4q
|     |     |     |     |     fYX
|     |     |     |     |     fa1mqVZLFZSH
|     |     |     |     |     fauYn3eUHYWKz
|     |     |     |     |     fc72W
|     |     |     |     |     fcQRT7xCw
|     |     |     |     |     fhVO53Acs
|     |     |     |     |     fkaSGDf2f304
|     |     |     |     |     fo18P
|     |     |     |     |     fqGUjmAkHhu9b
|     |     |     |     |     fsVwyFv5
|     |     |     |     |     ftHiSdW
|     |     |     |     |     fuUo.JQ
|     |     |     |     |     fxqwxOhb
|     |     |     |     |     fyvWPo
|     |     |     |     f6NkU3sPA0tzuHU1
|     |     |     |     fERAyvswRisIs
|     |     |     |     fNfvg7um1
|     |     |     |     fbqzkaL
|     |     |     |     fhzWGObDJ51
|     |     |     |     fsZM8qSjMj
|     |     |     |     fsrGhki0ijLeiJYC
|     |     |     |     fzqoqmNgWL
|     |     |     fAX9_NHcD
|     |     |     fXKS8dGllZd4
|     |     |     fnl7iYiH4hjpzW
|     |     |     fsc_A8o6DBiANLp9
|     |     |     fyyn3fXyWQGMZuR.
|     |     f2gwiUNHOX8j
|     |     f8vNoXkwWsq0
|     |     fHl4
|     |     fIaC
|     |     fK6c7298j
|     |     fL_Ch
|     |     fcBVtXwhePC8R2N
|     |     fcw.FCSDYdDPD
|     |     fg5HGvrMSG
|     |     fiks
|     f0BqiwT8l
|     f7DGCLfeN.IXpG3
|     fNgfnT3H9mJB5H
|     fSq
|     fUiQ0dznF1bOj2
|     fhit9xrf0oXiW
|     fhx.B73KYaPUwZ
f0E1NocY5LyPEp
f0btt
f3Z
fA4dp4fXwAM_H7gG
fNLojhWG3RIV
fNRzdzgJCkrg
fP.i
fQUVH5uddbS
fVbwO8xAMz2AL
fZkM35FanEpb
f_P6.0Q2ylk4PW
fiBzpAAmQHzLjI3
fqoX9mfrXfA
fqrzisqzWIuFf
fwllChsvv

DATA SET 2:
ROOT
fCgZoz

DATA SET 3:
ROOT
|     dQuHbyIdaHJLR
|     f.wiJkBn
|     fBO9I_t4xrIQhNM
|     fklccl8DUK
|     dax0JSOX
|     |     dBdwQ9iX
|     |     f4a
|     |     fK1
|     |     fiKrfKN0lNKNzxoa
|     |     fmMkrfuL
|     |     dVyqy1Rl
|     |     |     d_gnRuD
|     |     |     fhSGUcAJ
|     |     |     ds1xwNCG
|     |     |     |     dNBUjP
|     |     |     |     |     dM_14Nc.8
|     |     |     |     |     |     dUTu4f2fxuZe1
|     |     |     |     |     |     |     dYyCkFQb0a3_O
|     |     |     |     |     |     |     f1P_
|     |     |     |     |     |     |     f3ldvEr
|     |     |     |     |     |     |     f5635ITM
|     |     |     |     |     |     |     f9wX1p.v7_ZSc
|     |     |     |     |     |     |     fBRRU8IeL2HxfYM_
|     |     |     |     |     |     |     fGxffK6HQ.3P
|     |     |     |     |     |     |     fN6FprA5
|     |     |     |     |     |     |     fPPoaV51
|     |     |     |     |     |     |     fZKVm
|     |     |     |     |     |     |     fd3rwtSq0TS7
|     |     |     |     |     |     |     filBZ
|     |     |     |     |     |     |     fo4C7ippIRJ83
|     |     |     |     |     |     |     fqn
|     |     |     |     |     |     |     fz8Sy2
|     |     |     |     |     |     f1wCBq5qwun0yc0
|     |     |     |     |     |     f88WjP
|     |     |     |     |     |     fpz
|     |     |     |     |     |     dGwnuxTZe67
|     |     |     |     |     |     fvoh.yu5.9
|     |     |     |     |     f3FWyGTNkMA8Vx
|     |     |     |     |     fIuJoN
|     |     |     |     |     fOt.wJTc.sHKt
|     |     |     |     |     fdBRbibJF1cgiwI
|     |     |     |     |     ffuXAlJlmZ.Iqb
|     |     |     |     |     fnAtuwXQ61132
|     |     |     |     |     fqzGmldu7.
|     |     |     |     |     fuzvL1MjdXxj
|     |     |     |     |     fwaCJ2k3wac
|     |     |     |     |     fxhZX0uM.okG1lG
|     |     |     |     f3yf6
|     |     |     |     fSd
|     |     |     |     fVa
|     |     |     |     fb8SG
|     |     |     f9_mSuI2dpq3ir
|     |     |     fIkFoXVFh0kuKPtD
|     |     |     fiXCvD
|     |     |     flVNp68z4R
|     |     |     fmZ1ib45ET_G
|     |     |     fq23rC._NzeBwopU
|     |     f1xxTyhq.Psd0aX
|     |     f7HPb1t
|     |     fABWSam6nwGW6g
|     |     fOiCMC98
|     |     f_PdppOWc
|     |     fddDt1S3SUF.t
|     fFVvryh
|     fGdC
|     fOJqvGFHm8NcTLo
|     fRu.IbLV6EHvW9h
|     fU763RkDpGzky
|     fYlK1QkQb
|     faD9heCvxB
|     fiIm48DpVbw.gpAX
|     fuCMNM1fzN5Qq
|     fy7
|     fzPFLu9ZCUQENrUY
|     fzTMMNRKt
f468ccXaH7EhY1
fCq9Ngd1T9F
fDDiBdbCc4i4
fFAXVs3HSOUm
fWiNyAr
fYoS
fZQp9xu5behRYI
fhcA
fkM1xB
ftAJBu2SiAM89N1i

DATA SET 4:
ROOT
|     d2U4LbH
|     |     dXkk0uDZP2DZCOze
|     |     |     dam7O1t3TmkC4UN
|     |     |     |     dwc2B4
|     |     |     |     |     d_IL3MFB
|     |     |     |     |     dmTz5TyYQRuS
|     |     |     |     |     |     d_rocbDlqmlItx
|     |     |     |     |     |     |     dw.tWbEY30
|     |     |     |     |     |     |     |     ddUcChgsl
|     |     |     |     |     |     |     |     |     dYQnk
|     |     |     |     |     |     |     |     |     |     dH.v2GbpKb
|     |     |     |     |     |     |     |     |     |     fpHSNSKpWn.wK99
|     |     |     |     |     |     |     |     |     fD41X
|     |     |     |     |     |     |     |     |     fuY85xNR4qAJfas
|     |     |     |     |     |     |     |     f.ch2hiVbFbF9D2m
|     |     |     |     |     |     |     |     f4YV
|     |     |     |     |     |     |     |     f9TtUeLL5gzgMe
|     |     |     |     |     |     |     |     fPANOytYsk
|     |     |     |     |     |     |     |     fUPlDAfQ4HmCQVk
|     |     |     |     |     |     |     fzrt3f4I
|     |     |     |     |     |     f7w2jLamuD
|     |     |     |     |     |     fe3pe5ZshK
|     |     |     |     |     |     ffr0C
|     |     |     |     |     f62PwRjb
|     |     |     |     |     f7u4POyYbHQiNw
|     |     |     |     |     fB16L_x78HN
|     |     |     |     |     fF5Zbo
|     |     |     |     |     fLiCr4zbH
|     |     |     |     |     fM5W
|     |     |     |     |     fWsHOit
|     |     |     |     |     fXMG
|     |     |     |     |     fY85OEXaKUIaI
|     |     |     |     |     fYI5UBn
|     |     |     |     |     fiP
|     |     |     |     |     fiP3t.LKVw2
|     |     |     |     |     fwrIUSZZ28UL
|     |     |     |     f3SRqcWJCzF7
|     |     |     |     f87Z3
|     |     |     |     fHjL2ltQ
|     |     |     |     fIB
|     |     |     |     fK8n
|     |     |     |     fKVJWahOHs
|     |     |     |     fLRG
|     |     |     |     fNHv21iaKzR
|     |     |     |     fPPLgbV
|     |     |     |     fQRtm2F0
|     |     |     |     fQUkh2gISZq0dF
|     |     |     |     fQghfOrt9Yi_I
|     |     |     |     fYi
|     |     |     |     fapq1AbF
|     |     |     |     fkpszE3Q
|     |     |     |     fm7Mhh.ij6
|     |     |     |     fnNa1JF8.
|     |     |     |     fnXwnmCn5L09
|     |     |     |     foT
|     |     |     |     frHSvix__vVQK
|     |     |     |     ftNGoNyAgoC
|     |     |     |     fxy8
|     |     |     |     fzG4uAPAKBZKCco
|     |     |     f9J3_X37lNQL2ty
|     |     |     fJzQmXC2Rl_MSwt
|     |     |     fPX5a
|     |     |     fUJRxEkUx6iji
|     |     |     f_fiyKODC
|     |     |     fbrVnc2
|     |     |     fglwNdoq0l0wU2
|     |     |     fkoq4ICetCLy7C
|     |     |     fkxtH01
|     |     |     fm8.YfrNfmXtH9qA
|     |     |     fq63aOUc
|     |     |     fxQPK8Ph1muL
|     |     fORfRsxBI.m
|     |     fmqV5D9yQNC
|     |     fy6L.RGgu9sOBuLv
|     fAhnzRxq33
|     fCdh.I
|     fGUaBTt6A
|     fOiMLiuXp
|     fR38.2
|     fdoZGpl
|     fkNnDsnDS
|     fls0CSYE8cS
|     flwvE
|     fsB
|     fsBEfmes6Hztp
|     ftHhG
f0g2TvkBNB
fGNS3R4G5HjiABK
fTrL5Lq
fVFP2eY7_
fWMDJS1P
fovr8Kp7Zca

DATA SET 5:
ROOT
|     dYo.6qoax8Ex2
|     |     d7zKjdjks33
|     |     |     dkJDLVvzbZhgxnZa
|     |     |     |     dxwb
|     |     |     |     f1hZv
|     |     |     |     f7ZaoCWSN.UTcHr
|     |     |     |     fDtPpj1q3
|     |     |     |     fMeXD_W2V9yK
|     |     |     |     fXVKxKYI3
|     |     |     |     feIaRo
|     |     |     |     flz0Bhjbf
|     |     |     |     frndvoI
|     |     |     fG_0FGSR0
|     |     |     fe9ziG26X5UA
|     |     |     fmJ
|     |     |     ft1
|     |     |     fw4rf
|     |     fAEfMEV_8pl
|     |     fALoDZG
|     |     fQJnOv6OtqJBes
|     |     fYn31HxIdhz6S
|     |     frpipszZE9Y4VaE
|     |     fzqKMBFsvWZt
|     |     dQ6Iy1h
|     fAEojRwcz
|     fDBA05ultUs7mM
|     fMCB5U4gMZhGQc
|     fNdx5h
|     fPT3UfC5dC
|     f_yPMbn9UZOST2
|     fc9W2qEuKJS_r
|     fd5qR0hFDyTYx
|     fuTMX
fCLnpNiYGEfLiO
fp7Z5DdCa
fpyO7.NEB

