DATA SET 1:
ROOT

DATA SET 2:
ROOT
f1ZUYM3gQ6OITOq5
fPefqUDpm_

DATA SET 3:
ROOT

DATA SET 4:
ROOT
|     dMVPeKH
|     |     d5hE
|     |     |     dA_pm
|     |     |     |     dHUKXTF1
|     |     |     |     d9P1IPnrGKP
|     |     |     |     f_Fbs99LO.jY2
|     |     |     |     d7zdk
|     |     |     |     |     dYJGJs
|     |     |     |     |     |     dOEvbjcc
|     |     |     |     |     |     fJJa9NtISy
|     |     |     |     |     |     fPxo9Kyq.tk_2Q1
|     |     |     |     |     |     fm7EpB5CeI4TSrt
|     |     |     |     |     |     dth9sfFbbRv6zRc
|     |     |     |     |     f0r
|     |     |     |     |     f76cKhu4Rug
|     |     |     |     |     fAL6HP.oH4rKSBj
|     |     |     |     |     fBEdiFEJHkl8cIZ
|     |     |     |     |     fD6YdTKy7
|     |     |     |     |     fHcGsmHdmmi7B
|     |     |     |     |     fPdst8ZBvBQB3gMZ
|     |     |     |     |     fbUeHahIqn_e_G
|     |     |     |     |     ff_nwz
|     |     |     |     |     fr8HeMo0WE
|     |     |     |     |     fyFrHymw__hXnhX
|     |     |     |     |     fzDm25Kva
|     |     |     |     |     d8wM1oApeR63
|     |     |     |     |     f0gIk2OgY41
|     |     |     |     |     fByBbwBt7Iv.
|     |     |     |     |     fffBIRhS
|     |     |     |     |     fyoSdUsfcS3.
|     |     |     |     |     fzYcrrFIgOgBk
|     |     |     |     f2rKnLl_Hjh
|     |     |     |     f58Sxl1
|     |     |     |     f6UsEwXnNDtF
|     |     |     |     fDHhFs5
|     |     |     f0xme
|     |     |     f1jWRIru
|     |     |     f2yEpW_pMhp5i
|     |     |     f6ohv0eBVXJM
|     |     |     fCQ2H36QbGbO5
|     |     |     fGtrF52g6qKo
|     |     |     fJ4Io3e1Fn
|     |     |     fJ6cKKia
|     |     |     fKOv_Sk9
|     |     |     fLoooJbaaYGl3skj
|     |     |     fZmuciqakiXWnm
|     |     |     feBlyW4EF_0o
|     |     |     fgHWKnXaiFQw
|     |     |     fhXVWZgjEtl
|     |     |     fiDGVQYieS
|     |     |     fpL5QFyl
|     |     |     fphn8z
|     |     |     fv65JF
|     |     |     fwcWVIq
|     |     |     duM9K
|     |     |     f01zWrYt6s
|     |     |     f0N
|     |     |     fdFPZC.Cwsgq3
|     |     |     ff.QOlpwQ1atI79u
|     |     f15FuTo
|     |     f4XTfxmRLM3i
|     |     fAxY
|     |     fM2Peu.Axc9mH
|     |     fTxn5
|     |     fZUBTGQgQ
|     |     fdmRDduGLxOzp
|     |     fdrhnEPMPudyLZiH
|     |     fuaKcZY
|     f0y
|     f2ElsI8m5la3V
|     f4c6FA.u4vO4UE
|     f5DiOAGNjlFSz9
|     f5wO3bIofS4o7
|     f9h9z
|     fAp3BU8NG
|     fDukQnZj
|     fE34a
|     fHF0Z3v
|     fND1LGH
|     fPNPz
|     fRubrO1302HJL6d
|     fSfS1XrksIIPY
|     fVyNdkyh93vs
|     fZGil43r1zi8
|     f_.9qNLyHg44n
|     f_qLwIq5BvYS
|     fb4cdIsNhFafH
|     fbxFjjcD
|     ffzwJAkQff2
|     fl_bl5oSZFHclR
|     fmtAljfn2lYRc
|     foVS1LgE
|     fvOzqt5TfigVc
|     fwiftsrEcpeefZ
|     fyY9l67CDg8236
|     fzBKh6A_e1qjt
f23B6lHUJ
fCSWgB94pes0eh
fPKcpJkObS9e1
fcgAP1Uho
fdvrPTw.yoe

